[ 2015-07-30T15:35:38+08:00 ] 127.0.0.1 /Admin/login/index
ERR: 非法操作:index

[ 2015-07-30T15:43:12+08:00 ] 127.0.0.1 /Admin/fdgfdgd
ERR: 无法加载控制器:Fdgfdgd

[ 2015-07-30T15:43:31+08:00 ] 127.0.0.1 /Admin/fdgfdgd
ERR: 无法加载控制器:Fdgfdgd

[ 2015-07-30T16:07:59+08:00 ] 127.0.0.1 /Admin/Login/ajaxlogin
INFO: [ app_begin ] --START--
INFO: Run Behavior\ReadHtmlCacheBehavior [ RunTime:0.001431s ]
INFO: [ app_begin ] --END-- [ RunTime:0.002715s ]
SQL: SHOW COLUMNS FROM `if43_admin` [ RunTime:0.0040s ]
SQL: SELECT * FROM `if43_admin` WHERE `email` = 'vip@IF43.com' AND `password` = '9c59eddb58ba5f4256322ebd4f6ea1e8' LIMIT 1   [ RunTime:0.0009s ]

[ 2015-07-30T16:09:48+08:00 ] 127.0.0.1 /Admin/Login/ajaxlogin
INFO: [ app_begin ] --START--
INFO: Run Behavior\ReadHtmlCacheBehavior [ RunTime:0.000644s ]
INFO: [ app_begin ] --END-- [ RunTime:0.001106s ]

[ 2015-07-30T16:09:56+08:00 ] 127.0.0.1 /Admin/Login/ajaxlogin
INFO: [ app_begin ] --START--
INFO: Run Behavior\ReadHtmlCacheBehavior [ RunTime:0.000685s ]
INFO: [ app_begin ] --END-- [ RunTime:0.001318s ]
SQL: SHOW COLUMNS FROM `if43_admin` [ RunTime:0.0084s ]
SQL: SELECT * FROM `if43_admin` WHERE `email` = 'vip@IF43.com' AND `password` = '9c59eddb58ba5f4256322ebd4f6ea1e8' LIMIT 1   [ RunTime:0.0010s ]

[ 2015-07-30T17:04:34+08:00 ] 127.0.0.1 /Admin/Login/ajaxlogin
INFO: [ app_begin ] --START--
INFO: Run Behavior\ReadHtmlCacheBehavior [ RunTime:0.002000s ]
INFO: [ app_begin ] --END-- [ RunTime:0.003287s ]
SQL: SHOW COLUMNS FROM `if43_admin` [ RunTime:0.0082s ]
SQL: SELECT * FROM `if43_admin` WHERE `email` = 'vip@IF43.com' AND `password` = '9c59eddb58ba5f4256322ebd4f6ea1e8' LIMIT 1   [ RunTime:0.0009s ]

[ 2015-07-30T17:05:06+08:00 ] 127.0.0.1 /Admin/
INFO: [ app_init ] --START--
INFO: Run Behavior\BuildLiteBehavior [ RunTime:0.000041s ]
INFO: [ app_init ] --END-- [ RunTime:0.000896s ]
INFO: [ app_begin ] --START--
INFO: Run Behavior\ReadHtmlCacheBehavior [ RunTime:0.000976s ]
INFO: [ app_begin ] --END-- [ RunTime:0.001157s ]
INFO: [ view_parse ] --START--
INFO: [ template_filter ] --START--
INFO: Run Behavior\ContentReplaceBehavior [ RunTime:0.000204s ]
INFO: [ template_filter ] --END-- [ RunTime:0.000361s ]
INFO: Run Behavior\ParseTemplateBehavior [ RunTime:0.017404s ]
INFO: [ view_parse ] --END-- [ RunTime:0.017551s ]
INFO: [ view_filter ] --START--
INFO: Run Behavior\WriteHtmlCacheBehavior [ RunTime:0.000404s ]
INFO: [ view_filter ] --END-- [ RunTime:0.000512s ]
INFO: [ app_end ] --START--
INFO: Run Behavior\ShowPageTraceBehavior [ RunTime:0.000691s ]
INFO: [ app_end ] --END-- [ RunTime:0.000816s ]

[ 2015-07-30T17:45:55+08:00 ] 127.0.0.1 /Admin/Login/ajaxlogin
INFO: [ app_begin ] --START--
INFO: Run Behavior\ReadHtmlCacheBehavior [ RunTime:0.000743s ]
INFO: [ app_begin ] --END-- [ RunTime:0.001263s ]
SQL: SHOW COLUMNS FROM `if43_admin` [ RunTime:0.0085s ]
SQL: SELECT * FROM `if43_admin` WHERE `email` = 'vip@IF43.com' AND `password` = '9c59eddb58ba5f4256322ebd4f6ea1e8' LIMIT 1   [ RunTime:0.0009s ]

[ 2015-07-30T18:44:46+08:00 ] 127.0.0.1 /Admin/Login/ajaxlogin
INFO: [ app_begin ] --START--
INFO: Run Behavior\ReadHtmlCacheBehavior [ RunTime:0.000695s ]
INFO: [ app_begin ] --END-- [ RunTime:0.001192s ]
SQL: SHOW COLUMNS FROM `if43_admin` [ RunTime:0.0096s ]
SQL: SELECT * FROM `if43_admin` WHERE `email` = 'vip@IF43.com' AND `password` = '9c59eddb58ba5f4256322ebd4f6ea1e8' LIMIT 1   [ RunTime:0.0008s ]

[ 2015-07-30T18:56:02+08:00 ] 127.0.0.1 /Admin/Login/ajaxlogin
INFO: [ app_begin ] --START--
INFO: Run Behavior\ReadHtmlCacheBehavior [ RunTime:0.000740s ]
INFO: [ app_begin ] --END-- [ RunTime:0.001258s ]
SQL: SHOW COLUMNS FROM `if43_admin` [ RunTime:0.0093s ]
SQL: SELECT * FROM `if43_admin` WHERE `email` = 'SXUNT520@163.com' AND `password` = '1eac22877714084fc3f51631fe5438a7' LIMIT 1   [ RunTime:0.0013s ]

[ 2015-07-30T18:56:28+08:00 ] 127.0.0.1 /Admin/Login/ajaxlogin
INFO: [ app_begin ] --START--
INFO: Run Behavior\ReadHtmlCacheBehavior [ RunTime:0.000880s ]
INFO: [ app_begin ] --END-- [ RunTime:0.001428s ]

[ 2015-07-30T18:56:34+08:00 ] 127.0.0.1 /Admin/Login/ajaxlogin
INFO: [ app_begin ] --START--
INFO: Run Behavior\ReadHtmlCacheBehavior [ RunTime:0.000614s ]
INFO: [ app_begin ] --END-- [ RunTime:0.001110s ]
SQL: SHOW COLUMNS FROM `if43_admin` [ RunTime:0.0076s ]
SQL: SELECT * FROM `if43_admin` WHERE `email` = 'sxunt520@163.com' AND `password` = '1eac22877714084fc3f51631fe5438a7' LIMIT 1   [ RunTime:0.0008s ]

[ 2015-07-30T18:58:07+08:00 ] 127.0.0.1 /Admin/Pro/sel2/first//second//cid/
INFO: [ app_begin ] --START--
INFO: Run Behavior\ReadHtmlCacheBehavior [ RunTime:0.001239s ]
INFO: [ app_begin ] --END-- [ RunTime:0.002420s ]
SQL: SHOW COLUMNS FROM `if43_auth_group_access` [ RunTime:0.0092s ]
SQL: SELECT `uid`,`group_id`,`title`,`rules` FROM if43_auth_group_access a INNER JOIN if43_auth_group g on a.group_id=g.id  WHERE ( a.uid='47' and g.status='1' )  [ RunTime:0.0005s ]
SQL: SHOW COLUMNS FROM `if43_auth_rule` [ RunTime:0.0039s ]
SQL: SELECT `condition`,`name` FROM `if43_auth_rule` WHERE `id` IN ('95','1','31','144','143','137','131','127','54','117','112','108','107','103') AND `type` = 1 AND `status` = 1  [ RunTime:0.0004s ]

[ 2015-07-30T18:58:09+08:00 ] 127.0.0.1 /Admin/Pro/sel/id/1
INFO: [ app_begin ] --START--
INFO: Run Behavior\ReadHtmlCacheBehavior [ RunTime:0.001179s ]
INFO: [ app_begin ] --END-- [ RunTime:0.001926s ]
SQL: SHOW COLUMNS FROM `if43_auth_group_access` [ RunTime:0.0083s ]
SQL: SELECT `uid`,`group_id`,`title`,`rules` FROM if43_auth_group_access a INNER JOIN if43_auth_group g on a.group_id=g.id  WHERE ( a.uid='47' and g.status='1' )  [ RunTime:0.0009s ]
SQL: SHOW COLUMNS FROM `if43_auth_rule` [ RunTime:0.0090s ]
SQL: SELECT `condition`,`name` FROM `if43_auth_rule` WHERE `id` IN ('95','1','31','144','143','137','131','127','54','117','112','108','107','103') AND `type` = 1 AND `status` = 1  [ RunTime:0.0010s ]

[ 2015-07-30T19:01:15+08:00 ] 127.0.0.1 /Admin/Login/ajaxlogin
INFO: [ app_begin ] --START--
INFO: Run Behavior\ReadHtmlCacheBehavior [ RunTime:0.000729s ]
INFO: [ app_begin ] --END-- [ RunTime:0.001253s ]
SQL: SHOW COLUMNS FROM `if43_admin` [ RunTime:0.0097s ]
SQL: SELECT * FROM `if43_admin` WHERE `email` = 'vip@IF43.com' AND `password` = 'dceff8a7e9cce9dadaa06a49353d9bd3' LIMIT 1   [ RunTime:0.0009s ]

[ 2015-07-30T19:01:27+08:00 ] 127.0.0.1 /Admin/Login/ajaxlogin
INFO: [ app_begin ] --START--
INFO: Run Behavior\ReadHtmlCacheBehavior [ RunTime:0.000810s ]
INFO: [ app_begin ] --END-- [ RunTime:0.001359s ]

[ 2015-07-30T19:01:33+08:00 ] 127.0.0.1 /Admin/Login/ajaxlogin
INFO: [ app_begin ] --START--
INFO: Run Behavior\ReadHtmlCacheBehavior [ RunTime:0.001024s ]
INFO: [ app_begin ] --END-- [ RunTime:0.001697s ]
SQL: SHOW COLUMNS FROM `if43_admin` [ RunTime:0.0088s ]
SQL: SELECT * FROM `if43_admin` WHERE `email` = 'vip@IF43.com' AND `password` = '9c59eddb58ba5f4256322ebd4f6ea1e8' LIMIT 1   [ RunTime:0.0009s ]

[ 2015-07-30T19:02:15+08:00 ] 127.0.0.1 /Admin/Pro/sel2/first//second//cid/
INFO: [ app_begin ] --START--
INFO: Run Behavior\ReadHtmlCacheBehavior [ RunTime:0.000776s ]
INFO: [ app_begin ] --END-- [ RunTime:0.001302s ]
NOTIC: [8] Undefined index: second D:\web\IF43\Application\Admin\Controller\ProController.class.php 第 280 行.
NOTIC: [8] Undefined index: cid D:\web\IF43\Application\Admin\Controller\ProController.class.php 第 281 行.
SQL: SHOW COLUMNS FROM `if43_category` [ RunTime:0.0106s ]
ERR: SQLSTATE[42S22]: Column not found: 1054 Unknown column 'second' in 'where clause'

[ 2015-07-30T23:54:47+08:00 ] 127.0.0.1 /Admin/Login/ajaxlogin
INFO: [ app_begin ] --START--
INFO: Run Behavior\ReadHtmlCacheBehavior [ RunTime:0.001908s ]
INFO: [ app_begin ] --END-- [ RunTime:0.003437s ]
SQL: SHOW COLUMNS FROM `if43_admin` [ RunTime:0.0087s ]
SQL: SELECT * FROM `if43_admin` WHERE `email` = 'vip@IF43.com' AND `password` = '9c59eddb58ba5f4256322ebd4f6ea1e8' LIMIT 1   [ RunTime:0.0008s ]

