[ 2015-08-02T01:42:20+08:00 ] 127.0.0.1 /Admin/Login/ajaxlogin
INFO: [ app_begin ] --START--
INFO: Run Behavior\ReadHtmlCacheBehavior [ RunTime:0.000687s ]
INFO: [ app_begin ] --END-- [ RunTime:0.001238s ]
SQL: SHOW COLUMNS FROM `if43_admin` [ RunTime:0.0110s ]
SQL: SELECT * FROM `if43_admin` WHERE `email` = 'vip@163.com' AND `password` = '3dc34e2909691fc495ac7f3233c1a818' LIMIT 1   [ RunTime:0.0008s ]

[ 2015-08-02T01:42:37+08:00 ] 127.0.0.1 /Admin/Login/ajaxlogin
INFO: [ app_begin ] --START--
INFO: Run Behavior\ReadHtmlCacheBehavior [ RunTime:0.000836s ]
INFO: [ app_begin ] --END-- [ RunTime:0.001399s ]
SQL: SHOW COLUMNS FROM `if43_admin` [ RunTime:0.0072s ]
SQL: SELECT * FROM `if43_admin` WHERE `email` = 'vip@IF43.com' AND `password` = '3dc34e2909691fc495ac7f3233c1a818' LIMIT 1   [ RunTime:0.0003s ]

[ 2015-08-02T01:42:49+08:00 ] 127.0.0.1 /Admin/Login/ajaxlogin
INFO: [ app_begin ] --START--
INFO: Run Behavior\ReadHtmlCacheBehavior [ RunTime:0.000906s ]
INFO: [ app_begin ] --END-- [ RunTime:0.001465s ]
SQL: SHOW COLUMNS FROM `if43_admin` [ RunTime:0.0102s ]
SQL: SELECT * FROM `if43_admin` WHERE `email` = 'vip@IF43.com' AND `password` = '9c59eddb58ba5f4256322ebd4f6ea1e8' LIMIT 1   [ RunTime:0.0008s ]

[ 2015-08-02T01:49:22+08:00 ] 127.0.0.1 /Admin/Login/ajaxlogin
INFO: [ app_begin ] --START--
INFO: Run Behavior\ReadHtmlCacheBehavior [ RunTime:0.000692s ]
INFO: [ app_begin ] --END-- [ RunTime:0.001338s ]
SQL: SHOW COLUMNS FROM `if43_admin` [ RunTime:0.0075s ]
SQL: SELECT * FROM `if43_admin` WHERE `email` = 'vip@IF43.com' AND `password` = '9c59eddb58ba5f4256322ebd4f6ea1e8' LIMIT 1   [ RunTime:0.0004s ]

[ 2015-08-02T01:53:27+08:00 ] 127.0.0.1 /Admin/Login/ajaxlogin
INFO: [ app_begin ] --START--
INFO: Run Behavior\ReadHtmlCacheBehavior [ RunTime:0.000673s ]
INFO: [ app_begin ] --END-- [ RunTime:0.001217s ]

[ 2015-08-02T01:53:34+08:00 ] 127.0.0.1 /Admin/Login/ajaxlogin
INFO: [ app_begin ] --START--
INFO: Run Behavior\ReadHtmlCacheBehavior [ RunTime:0.000691s ]
INFO: [ app_begin ] --END-- [ RunTime:0.001275s ]
SQL: SHOW COLUMNS FROM `if43_admin` [ RunTime:0.0043s ]
SQL: SELECT * FROM `if43_admin` WHERE `email` = 'vip@IF43.com' AND `password` = '9c59eddb58ba5f4256322ebd4f6ea1e8' LIMIT 1   [ RunTime:0.0004s ]

[ 2015-08-02T01:56:36+08:00 ] 127.0.0.1 /Admin/Pro/sel2/first//second//cid/
INFO: [ app_begin ] --START--
INFO: Run Behavior\ReadHtmlCacheBehavior [ RunTime:0.000766s ]
INFO: [ app_begin ] --END-- [ RunTime:0.001326s ]
NOTIC: [8] Undefined index: second D:\web\IF43\Application\Admin\Controller\ProController.class.php 第 280 行.
NOTIC: [8] Undefined index: cid D:\web\IF43\Application\Admin\Controller\ProController.class.php 第 281 行.
SQL: SHOW COLUMNS FROM `if43_category` [ RunTime:0.0071s ]
ERR: SQLSTATE[42S22]: Column not found: 1054 Unknown column 'second' in 'where clause'

[ 2015-08-02T01:56:41+08:00 ] 127.0.0.1 /Admin/Attribute/editAttrs/type_id/5/pro_id/10
INFO: [ app_begin ] --START--
INFO: Run Behavior\ReadHtmlCacheBehavior [ RunTime:0.001066s ]
INFO: [ app_begin ] --END-- [ RunTime:0.001982s ]
SQL: SHOW COLUMNS FROM `if43_attribute` [ RunTime:0.0042s ]
SQL: SHOW COLUMNS FROM `if43_pro_attr` [ RunTime:0.0047s ]
SQL: SELECT * FROM `if43_pro_attr` WHERE ( pro_id=10 )  [ RunTime:0.0005s ]
SQL: SHOW COLUMNS FROM `if43_attribute` [ RunTime:0.0063s ]
SQL: SELECT * FROM `if43_attribute` WHERE ( type_id = 5 )  [ RunTime:0.0004s ]
INFO: [ app_end ] --START--
INFO: Run Behavior\ShowPageTraceBehavior [ RunTime:0.000952s ]
INFO: [ app_end ] --END-- [ RunTime:0.001096s ]

[ 2015-08-02T01:57:05+08:00 ] 127.0.0.1 /Admin/Pro/sel/id/2
INFO: [ app_begin ] --START--
INFO: Run Behavior\ReadHtmlCacheBehavior [ RunTime:0.000723s ]
INFO: [ app_begin ] --END-- [ RunTime:0.001235s ]
SQL: SHOW COLUMNS FROM `if43_category` [ RunTime:0.0095s ]
SQL: SELECT * FROM `if43_category` WHERE ( parent_id=2 )  [ RunTime:0.0012s ]
NOTIC: [8] Undefined variable: string D:\web\IF43\Application\Admin\Controller\ProController.class.php 第 272 行.
INFO: [ app_end ] --START--
INFO: Run Behavior\ShowPageTraceBehavior [ RunTime:0.002175s ]
INFO: [ app_end ] --END-- [ RunTime:0.002491s ]

[ 2015-08-02T01:57:08+08:00 ] 127.0.0.1 /Admin/Pro/sel/id/47
INFO: [ app_begin ] --START--
INFO: Run Behavior\ReadHtmlCacheBehavior [ RunTime:0.000913s ]
INFO: [ app_begin ] --END-- [ RunTime:0.001744s ]
SQL: SHOW COLUMNS FROM `if43_category` [ RunTime:0.0070s ]
SQL: SELECT * FROM `if43_category` WHERE ( parent_id=47 )  [ RunTime:0.0009s ]
NOTIC: [8] Undefined variable: string D:\web\IF43\Application\Admin\Controller\ProController.class.php 第 272 行.
INFO: [ app_end ] --START--
INFO: Run Behavior\ShowPageTraceBehavior [ RunTime:0.001627s ]
INFO: [ app_end ] --END-- [ RunTime:0.001862s ]

[ 2015-08-02T08:57:21+08:00 ] 127.0.0.1 /Admin/Pro/sel/id/2
INFO: [ app_begin ] --START--
INFO: Run Behavior\ReadHtmlCacheBehavior [ RunTime:0.004562s ]
INFO: [ app_begin ] --END-- [ RunTime:0.007213s ]
SQL: SHOW COLUMNS FROM `if43_category` [ RunTime:0.0040s ]
SQL: SELECT * FROM `if43_category` WHERE ( parent_id=2 )  [ RunTime:0.0005s ]
NOTIC: [8] Undefined variable: string D:\web\IF43\Application\Admin\Controller\ProController.class.php 第 272 行.
INFO: [ app_end ] --START--
INFO: Run Behavior\ShowPageTraceBehavior [ RunTime:0.002027s ]
INFO: [ app_end ] --END-- [ RunTime:0.002226s ]

[ 2015-08-02T19:40:26+08:00 ] 127.0.0.1 /Admin/Login/ajaxlogin
INFO: [ app_begin ] --START--
INFO: Run Behavior\ReadHtmlCacheBehavior [ RunTime:0.000538s ]
INFO: [ app_begin ] --END-- [ RunTime:0.001009s ]
SQL: SHOW COLUMNS FROM `if43_admin` [ RunTime:0.0082s ]
SQL: SELECT * FROM `if43_admin` WHERE `email` = 'vip@IF43.com' AND `password` = '9c59eddb58ba5f4256322ebd4f6ea1e8' LIMIT 1   [ RunTime:0.0009s ]

[ 2015-08-02T19:47:25+08:00 ] 127.0.0.1 /Admin/Pro/sel2/first//second//cid/
INFO: [ app_begin ] --START--
INFO: Run Behavior\ReadHtmlCacheBehavior [ RunTime:0.000848s ]
INFO: [ app_begin ] --END-- [ RunTime:0.001537s ]
NOTIC: [8] Undefined index: second D:\web\IF43\Application\Admin\Controller\ProController.class.php 第 280 行.
NOTIC: [8] Undefined index: cid D:\web\IF43\Application\Admin\Controller\ProController.class.php 第 281 行.
SQL: SHOW COLUMNS FROM `if43_category` [ RunTime:0.0028s ]
ERR: SQLSTATE[42S22]: Column not found: 1054 Unknown column 'second' in 'where clause'

[ 2015-08-02T19:47:28+08:00 ] 127.0.0.1 /Admin/Pro/sel/id/3
INFO: [ app_begin ] --START--
INFO: Run Behavior\ReadHtmlCacheBehavior [ RunTime:0.000559s ]
INFO: [ app_begin ] --END-- [ RunTime:0.001006s ]
SQL: SHOW COLUMNS FROM `if43_category` [ RunTime:0.0106s ]
SQL: SELECT * FROM `if43_category` WHERE ( parent_id=3 )  [ RunTime:0.0009s ]
NOTIC: [8] Undefined variable: string D:\web\IF43\Application\Admin\Controller\ProController.class.php 第 272 行.
INFO: [ app_end ] --START--
INFO: Run Behavior\ShowPageTraceBehavior [ RunTime:0.001935s ]
INFO: [ app_end ] --END-- [ RunTime:0.002252s ]

[ 2015-08-02T19:47:31+08:00 ] 127.0.0.1 /Admin/Pro/sel/id/87
INFO: [ app_begin ] --START--
INFO: Run Behavior\ReadHtmlCacheBehavior [ RunTime:0.000534s ]
INFO: [ app_begin ] --END-- [ RunTime:0.000980s ]
SQL: SHOW COLUMNS FROM `if43_category` [ RunTime:0.0077s ]
SQL: SELECT * FROM `if43_category` WHERE ( parent_id=87 )  [ RunTime:0.0012s ]
NOTIC: [8] Undefined variable: string D:\web\IF43\Application\Admin\Controller\ProController.class.php 第 272 行.
INFO: [ app_end ] --START--
INFO: Run Behavior\ShowPageTraceBehavior [ RunTime:0.001787s ]
INFO: [ app_end ] --END-- [ RunTime:0.002122s ]

[ 2015-08-02T19:48:35+08:00 ] 127.0.0.1 /Admin/Pro/sel2/first//second//cid/
INFO: [ app_begin ] --START--
INFO: Run Behavior\ReadHtmlCacheBehavior [ RunTime:0.000719s ]
INFO: [ app_begin ] --END-- [ RunTime:0.001330s ]
NOTIC: [8] Undefined index: second D:\web\IF43\Application\Admin\Controller\ProController.class.php 第 280 行.
NOTIC: [8] Undefined index: cid D:\web\IF43\Application\Admin\Controller\ProController.class.php 第 281 行.
SQL: SHOW COLUMNS FROM `if43_category` [ RunTime:0.0030s ]
ERR: SQLSTATE[42S22]: Column not found: 1054 Unknown column 'second' in 'where clause'

[ 2015-08-02T19:49:09+08:00 ] 127.0.0.1 /Admin/Attribute/editAttrs/type_id/4/pro_id/66
INFO: [ app_begin ] --START--
INFO: Run Behavior\ReadHtmlCacheBehavior [ RunTime:0.000684s ]
INFO: [ app_begin ] --END-- [ RunTime:0.001214s ]
SQL: SHOW COLUMNS FROM `if43_attribute` [ RunTime:0.0029s ]
SQL: SHOW COLUMNS FROM `if43_pro_attr` [ RunTime:0.0035s ]
SQL: SELECT * FROM `if43_pro_attr` WHERE ( pro_id=66 )  [ RunTime:0.0004s ]
SQL: SHOW COLUMNS FROM `if43_attribute` [ RunTime:0.0025s ]
SQL: SELECT * FROM `if43_attribute` WHERE ( type_id = 4 )  [ RunTime:0.0004s ]
INFO: [ app_end ] --START--
INFO: Run Behavior\ShowPageTraceBehavior [ RunTime:0.001988s ]
INFO: [ app_end ] --END-- [ RunTime:0.002304s ]

[ 2015-08-02T19:52:53+08:00 ] 127.0.0.1 /Admin/Pro/sel/id/2
INFO: [ app_begin ] --START--
INFO: Run Behavior\ReadHtmlCacheBehavior [ RunTime:0.000694s ]
INFO: [ app_begin ] --END-- [ RunTime:0.001166s ]
SQL: SHOW COLUMNS FROM `if43_category` [ RunTime:0.0061s ]
SQL: SELECT * FROM `if43_category` WHERE ( parent_id=2 )  [ RunTime:0.0007s ]
NOTIC: [8] Undefined variable: string D:\web\IF43\Application\Admin\Controller\ProController.class.php 第 272 行.
INFO: [ app_end ] --START--
INFO: Run Behavior\ShowPageTraceBehavior [ RunTime:0.001791s ]
INFO: [ app_end ] --END-- [ RunTime:0.002026s ]

[ 2015-08-02T19:55:21+08:00 ] 127.0.0.1 /Admin/Login/ajaxlogin
INFO: [ app_begin ] --START--
INFO: Run Behavior\ReadHtmlCacheBehavior [ RunTime:0.000696s ]
INFO: [ app_begin ] --END-- [ RunTime:0.001281s ]
SQL: SHOW COLUMNS FROM `if43_admin` [ RunTime:0.0071s ]
SQL: SELECT * FROM `if43_admin` WHERE `email` = 'vip@IF43.com' AND `password` = '9c59eddb58ba5f4256322ebd4f6ea1e8' LIMIT 1   [ RunTime:0.0008s ]

[ 2015-08-02T21:28:38+08:00 ] 127.0.0.1 /Admin/Pro/sel2/first//second//cid/
INFO: [ app_begin ] --START--
INFO: Run Behavior\ReadHtmlCacheBehavior [ RunTime:0.000502s ]
INFO: [ app_begin ] --END-- [ RunTime:0.000906s ]
NOTIC: [8] Undefined index: second D:\web\IF43\Application\Admin\Controller\ProController.class.php 第 280 行.
NOTIC: [8] Undefined index: cid D:\web\IF43\Application\Admin\Controller\ProController.class.php 第 281 行.
SQL: SHOW COLUMNS FROM `if43_category` [ RunTime:0.0091s ]
ERR: SQLSTATE[42S22]: Column not found: 1054 Unknown column 'second' in 'where clause'

[ 2015-08-02T21:28:39+08:00 ] 127.0.0.1 /Admin/Pro/sel/id/2
INFO: [ app_begin ] --START--
INFO: Run Behavior\ReadHtmlCacheBehavior [ RunTime:0.000707s ]
INFO: [ app_begin ] --END-- [ RunTime:0.001426s ]
SQL: SHOW COLUMNS FROM `if43_category` [ RunTime:0.0051s ]
SQL: SELECT * FROM `if43_category` WHERE ( parent_id=2 )  [ RunTime:0.0005s ]
NOTIC: [8] Undefined variable: string D:\web\IF43\Application\Admin\Controller\ProController.class.php 第 272 行.
INFO: [ app_end ] --START--
INFO: Run Behavior\ShowPageTraceBehavior [ RunTime:0.001164s ]
INFO: [ app_end ] --END-- [ RunTime:0.001354s ]

