[ 2015-08-08T10:48:37+08:00 ] 192.168.31.66 /Admin/Login/ajaxlogin
INFO: [ app_begin ] --START--
INFO: Run Behavior\ReadHtmlCacheBehavior [ RunTime:0.000542s ]
INFO: [ app_begin ] --END-- [ RunTime:0.001246s ]
SQL: SHOW COLUMNS FROM `if43_admin` [ RunTime:0.0625s ]
SQL: SELECT * FROM `if43_admin` WHERE `email` = 'vip@IF43.com' AND `password` = '9c59eddb58ba5f4256322ebd4f6ea1e8' LIMIT 1   [ RunTime:0.0009s ]

[ 2015-08-08T11:04:01+08:00 ] 192.168.31.66 /Admin/Login/ajaxlogin
INFO: [ app_begin ] --START--
INFO: Run Behavior\ReadHtmlCacheBehavior [ RunTime:0.001677s ]
INFO: [ app_begin ] --END-- [ RunTime:0.002889s ]
SQL: SHOW COLUMNS FROM `if43_admin` [ RunTime:0.0092s ]
SQL: SELECT * FROM `if43_admin` WHERE `email` = 'vip@IF43.com' AND `password` = '9c59eddb58ba5f4256322ebd4f6ea1e8' LIMIT 1   [ RunTime:0.0010s ]

[ 2015-08-08T15:52:09+08:00 ] 192.168.31.66 /Admin/Pro/sel2/first//second//cid/
INFO: [ app_begin ] --START--
INFO: Run Behavior\ReadHtmlCacheBehavior [ RunTime:0.000551s ]
INFO: [ app_begin ] --END-- [ RunTime:0.001391s ]
NOTIC: [8] Undefined index: second D:\web\IF43\Application\Admin\Controller\ProController.class.php 第 280 行.
NOTIC: [8] Undefined index: cid D:\web\IF43\Application\Admin\Controller\ProController.class.php 第 281 行.
SQL: SHOW COLUMNS FROM `if43_category` [ RunTime:0.0068s ]
ERR: SQLSTATE[42S22]: Column not found: 1054 Unknown column 'second' in 'where clause'

[ 2015-08-08T15:52:15+08:00 ] 192.168.31.66 /Admin/Attribute/editAttrs/type_id/4/pro_id/66
INFO: [ app_begin ] --START--
INFO: Run Behavior\ReadHtmlCacheBehavior [ RunTime:0.000686s ]
INFO: [ app_begin ] --END-- [ RunTime:0.001197s ]
SQL: SHOW COLUMNS FROM `if43_attribute` [ RunTime:0.0076s ]
SQL: SHOW COLUMNS FROM `if43_pro_attr` [ RunTime:0.0067s ]
SQL: SELECT * FROM `if43_pro_attr` WHERE ( pro_id=66 )  [ RunTime:0.0008s ]
SQL: SHOW COLUMNS FROM `if43_attribute` [ RunTime:0.0060s ]
SQL: SELECT * FROM `if43_attribute` WHERE ( type_id = 4 )  [ RunTime:0.0006s ]
INFO: [ app_end ] --START--
INFO: Run Behavior\ShowPageTraceBehavior [ RunTime:0.001435s ]
INFO: [ app_end ] --END-- [ RunTime:0.001681s ]

[ 2015-08-08T15:57:07+08:00 ] 192.168.31.66 /Admin/Pro/sel2/first//second//cid/
INFO: [ app_begin ] --START--
INFO: Run Behavior\ReadHtmlCacheBehavior [ RunTime:0.000938s ]
INFO: [ app_begin ] --END-- [ RunTime:0.001690s ]
NOTIC: [8] Undefined index: second D:\web\IF43\Application\Admin\Controller\ProController.class.php 第 280 行.
NOTIC: [8] Undefined index: cid D:\web\IF43\Application\Admin\Controller\ProController.class.php 第 281 行.
SQL: SHOW COLUMNS FROM `if43_category` [ RunTime:0.0078s ]
ERR: SQLSTATE[42S22]: Column not found: 1054 Unknown column 'second' in 'where clause'

[ 2015-08-08T15:57:10+08:00 ] 192.168.31.66 /Admin/Pro/sel/id/2
INFO: [ app_begin ] --START--
INFO: Run Behavior\ReadHtmlCacheBehavior [ RunTime:0.000557s ]
INFO: [ app_begin ] --END-- [ RunTime:0.001012s ]
SQL: SHOW COLUMNS FROM `if43_category` [ RunTime:0.0075s ]
SQL: SELECT * FROM `if43_category` WHERE ( parent_id=2 )  [ RunTime:0.0008s ]
NOTIC: [8] Undefined variable: string D:\web\IF43\Application\Admin\Controller\ProController.class.php 第 272 行.
INFO: [ app_end ] --START--
INFO: Run Behavior\ShowPageTraceBehavior [ RunTime:0.001833s ]
INFO: [ app_end ] --END-- [ RunTime:0.002268s ]

[ 2015-08-08T15:57:19+08:00 ] 192.168.31.66 /Admin/Pro/sel/id/3
INFO: [ app_begin ] --START--
INFO: Run Behavior\ReadHtmlCacheBehavior [ RunTime:0.000516s ]
INFO: [ app_begin ] --END-- [ RunTime:0.000957s ]
SQL: SHOW COLUMNS FROM `if43_category` [ RunTime:0.0081s ]
SQL: SELECT * FROM `if43_category` WHERE ( parent_id=3 )  [ RunTime:0.0009s ]
NOTIC: [8] Undefined variable: string D:\web\IF43\Application\Admin\Controller\ProController.class.php 第 272 行.
INFO: [ app_end ] --START--
INFO: Run Behavior\ShowPageTraceBehavior [ RunTime:0.001859s ]
INFO: [ app_end ] --END-- [ RunTime:0.002170s ]

[ 2015-08-08T15:57:24+08:00 ] 192.168.31.66 /Admin/Pro/sel/id/4
INFO: [ app_begin ] --START--
INFO: Run Behavior\ReadHtmlCacheBehavior [ RunTime:0.000580s ]
INFO: [ app_begin ] --END-- [ RunTime:0.001089s ]
SQL: SHOW COLUMNS FROM `if43_category` [ RunTime:0.0073s ]
SQL: SELECT * FROM `if43_category` WHERE ( parent_id=4 )  [ RunTime:0.0009s ]
NOTIC: [8] Undefined variable: string D:\web\IF43\Application\Admin\Controller\ProController.class.php 第 272 行.
INFO: [ app_end ] --START--
INFO: Run Behavior\ShowPageTraceBehavior [ RunTime:0.001970s ]
INFO: [ app_end ] --END-- [ RunTime:0.002275s ]

[ 2015-08-08T15:57:33+08:00 ] 192.168.31.66 /Admin/Pro/sel/id/129
INFO: [ app_begin ] --START--
INFO: Run Behavior\ReadHtmlCacheBehavior [ RunTime:0.000746s ]
INFO: [ app_begin ] --END-- [ RunTime:0.001371s ]
SQL: SHOW COLUMNS FROM `if43_category` [ RunTime:0.0076s ]
SQL: SELECT * FROM `if43_category` WHERE ( parent_id=129 )  [ RunTime:0.0010s ]
NOTIC: [8] Undefined variable: string D:\web\IF43\Application\Admin\Controller\ProController.class.php 第 272 行.
INFO: [ app_end ] --START--
INFO: Run Behavior\ShowPageTraceBehavior [ RunTime:0.001837s ]
INFO: [ app_end ] --END-- [ RunTime:0.002264s ]

[ 2015-08-08T15:58:10+08:00 ] 192.168.31.66 /Admin/Pro/sel/id/2
INFO: [ app_begin ] --START--
INFO: Run Behavior\ReadHtmlCacheBehavior [ RunTime:0.000562s ]
INFO: [ app_begin ] --END-- [ RunTime:0.001077s ]
SQL: SHOW COLUMNS FROM `if43_category` [ RunTime:0.0076s ]
SQL: SELECT * FROM `if43_category` WHERE ( parent_id=2 )  [ RunTime:0.0009s ]
NOTIC: [8] Undefined variable: string D:\web\IF43\Application\Admin\Controller\ProController.class.php 第 272 行.
INFO: [ app_end ] --START--
INFO: Run Behavior\ShowPageTraceBehavior [ RunTime:0.002108s ]
INFO: [ app_end ] --END-- [ RunTime:0.002465s ]

[ 2015-08-08T15:58:13+08:00 ] 192.168.31.66 /Admin/Pro/sel/id/49
INFO: [ app_begin ] --START--
INFO: Run Behavior\ReadHtmlCacheBehavior [ RunTime:0.000761s ]
INFO: [ app_begin ] --END-- [ RunTime:0.001575s ]
SQL: SHOW COLUMNS FROM `if43_category` [ RunTime:0.0076s ]
SQL: SELECT * FROM `if43_category` WHERE ( parent_id=49 )  [ RunTime:0.0011s ]
NOTIC: [8] Undefined variable: string D:\web\IF43\Application\Admin\Controller\ProController.class.php 第 272 行.
INFO: [ app_end ] --START--
INFO: Run Behavior\ShowPageTraceBehavior [ RunTime:0.001937s ]
INFO: [ app_end ] --END-- [ RunTime:0.002282s ]

